---Início da auditoria: seg 06 abr 2026 11:24:33 -03 ---
-> Status: OK
2. Verificando a validade do certificado SSL...
-> Válido até: Jun  8 08:39:56 2026 GMT
3. Buscando arquivos antigos (mais de 30 dias)...
---Início da auditoria: seg 06 abr 2026 11:25:14 -03 ---
1. Checando o status do serviço em www.google.com...
-> Status: OK
2. Verificando a validade do certificado SSL...
-> Válido até: Jun  8 08:39:56 2026 GMT
3. Buscando arquivos antigos (mais de 30 dias)...
---Início da auditoria: seg 06 abr 2026 11:29:01 -03 ---
1. Checando o status do serviço em www.google.com...
-> Status: OK
2. Verificando a validade do certificado SSL...
-> Válido até: Jun  8 08:39:56 2026 GMT
3. Buscando arquivos antigos (mais de 30 dias)...
---Início da auditoria: seg 06 abr 2026 11:29:20 -03 ---
1. Checando o status do serviço em www.google.com...
-> Status: OK
2. Verificando a validade do certificado SSL...
-> Válido até: Jun  8 08:39:56 2026 GMT
3. Buscando arquivos antigos (mais de 30 dias)...
---Início da auditoria: seg 06 abr 2026 11:30:26 -03 ---
1. Checando o status do serviço em www.google.com...
-> Status: OK
2. Verificando a validade do certificado SSL...
-> Válido até: Jun  8 08:39:56 2026 GMT
3. Buscando arquivos antigos (mais de 30 dias)...
---Início da auditoria: seg 06 abr 2026 11:31:38 -03 ---
1. Checando o status do serviço em www.google.com...
-> Status: OK
2. Verificando a validade do certificado SSL...
-> Válido até: Jun  8 08:39:56 2026 GMT
3. Buscando arquivos antigos (mais de 30 dias)...
