----------------------------------------------
início do script: dom 05 abr 2026 21:31:39 -03
total 12
-rwxrwxr-x 1 theus theus 275 abr  5 21:23 aula6.sh
-rwxrwxr-x 1 theus theus 182 abr  5 21:31 registro-logs.sh
-rw-rw-r-- 1 theus theus  95 abr  5 21:31 script.log
Fim do Script: dom 05 abr 2026 21:31:39 -03
----------------------------------------------
início do script: dom 05 abr 2026 21:31:58 -03
total 12
-rwxrwxr-x 1 theus theus 275 abr  5 21:23 aula6.sh
-rwxrwxr-x 1 theus theus 182 abr  5 21:31 registro-logs.sh
-rw-rw-r-- 1 theus theus 406 abr  5 21:31 script.log
Fim do Script: dom 05 abr 2026 21:31:58 -03
----------------------------------------------
início do script: dom 05 abr 2026 21:33:45 -03
total 12
-rwxrwxr-x 1 theus theus 275 abr  5 21:23 aula6.sh
-rwxrwxr-x 1 theus theus 182 abr  5 21:31 registro-logs.sh
-rw-rw-r-- 1 theus theus 717 abr  5 21:33 script.log
Fim do Script: dom 05 abr 2026 21:33:45 -03
----------------------------------------------
início do script: dom 05 abr 2026 21:36:15 -03
total 12
-rwxrwxr-x 1 theus theus  275 abr  5 21:23 aula6.sh
-rwxrwxr-x 1 theus theus  265 abr  5 21:36 registro-logs.sh
-rw-rw-r-- 1 theus theus 1028 abr  5 21:36 script.log
Fim do Script: dom 05 abr 2026 21:36:15 -03
----------------------------------------------
início do script: dom 05 abr 2026 22:03:57 -03
total 12
-rwxrwxr-x 1 theus theus  275 abr  5 21:23 aula6.sh
-rwxrwxr-x 1 theus theus  282 abr  5 22:03 registro-logs.sh
-rw-rw-r-- 1 theus theus 1342 abr  5 22:03 script.log
Fim do Script: dom 05 abr 2026 22:03:57 -03
